%!Adobe-FontList 1.14
%Locale:0x419

%BeginFont
Handler:DirectoryHandler
FontType:Invalid
OutlineFileName:F:\flash\project\initializr\Font\fontello.eot
FileModTime:1491687090
%EndFont

%BeginFont
Handler:DirectoryHandler
FontType:Invalid
OutlineFileName:F:\flash\project\initializr\Font\fontello.svg
FileModTime:1491687090
%EndFont

%BeginFont
Handler:DirectoryHandler
FontType:TrueType
FontName:fontello
FamilyName:fontello
StyleName:Regular
FullName:fontello
MenuName:fontello
StyleBits:0
WritingScript:Roman
OutlineFileName:F:\flash\project\initializr\Font\fontello.ttf
DataFormat:sfntData
FileLength:5812
FileModTime:1491687090
WeightClass:400
WidthClass:5
AngleClass:0
%EndFont

%BeginFont
Handler:DirectoryHandler
FontType:Invalid
OutlineFileName:F:\flash\project\initializr\Font\fontello.woff
FileModTime:1491687090
%EndFont

%BeginFont
Handler:DirectoryHandler
FontType:Invalid
OutlineFileName:F:\flash\project\initializr\Font\fontello.woff2
FileModTime:1491687090
%EndFont

